<?xml version="1.0" encoding="UTF-8"?>
<testng-results total="1" passed="1" failed="0" skipped="0">
  <reporter-output>
  </reporter-output>
  <suite started-at="2018-11-29T09:07:42Z" name="Regression" finished-at="2018-11-29T09:07:59Z" duration-ms="17510">
    <groups>
    </groups>
    <test started-at="2018-11-29T09:07:42Z" name="Android" finished-at="2018-11-29T09:07:59Z" duration-ms="17510">
      <class name="com.Appium.Khaja">
        <test-method is-config="true" signature="beforemethod()[pri:0, instance:com.Appium.Khaja@294425a7]" started-at="2018-11-29T14:37:42Z" name="beforemethod" finished-at="2018-11-29T14:37:59Z" duration-ms="17450" status="PASS">
          <reporter-output>
          </reporter-output>
        </test-method> <!-- beforemethod -->
        <test-method signature="test1()[pri:0, instance:com.Appium.Khaja@294425a7]" started-at="2018-11-29T14:37:59Z" name="test1" finished-at="2018-11-29T14:37:59Z" duration-ms="3" status="PASS">
          <reporter-output>
          </reporter-output>
        </test-method> <!-- test1 -->
      </class> <!-- com.Appium.Khaja -->
    </test> <!-- Android -->
  </suite> <!-- Regression -->
</testng-results>
