<?xml version="1.0" encoding="UTF-8"?>
<testng-results skipped="0" failed="0" total="1" passed="1">
  <reporter-output>
  </reporter-output>
  <suite name="Default suite" duration-ms="20008" started-at="2019-09-19T15:38:49Z" finished-at="2019-09-19T15:39:09Z">
    <groups>
    </groups>
    <test name="Default test" duration-ms="20008" started-at="2019-09-19T15:38:49Z" finished-at="2019-09-19T15:39:09Z">
      <class name="com.Appium.Tutorial12">
        <test-method status="PASS" signature="setup()[pri:0, instance:com.Appium.Tutorial12@1d16f93d]" name="setup" is-config="true" duration-ms="12900" started-at="2019-09-19T21:08:49Z" finished-at="2019-09-19T21:09:01Z">
          <reporter-output>
          </reporter-output>
        </test-method> <!-- setup -->
        <test-method status="PASS" signature="clickTab()[pri:0, instance:com.Appium.Tutorial12@1d16f93d]" name="clickTab" duration-ms="5701" started-at="2019-09-19T21:09:01Z" finished-at="2019-09-19T21:09:07Z">
          <reporter-output>
          </reporter-output>
        </test-method> <!-- clickTab -->
        <test-method status="PASS" signature="teardown()[pri:0, instance:com.Appium.Tutorial12@1d16f93d]" name="teardown" is-config="true" duration-ms="1346" started-at="2019-09-19T21:09:07Z" finished-at="2019-09-19T21:09:09Z">
          <reporter-output>
          </reporter-output>
        </test-method> <!-- teardown -->
      </class> <!-- com.Appium.Tutorial12 -->
    </test> <!-- Default test -->
  </suite> <!-- Default suite -->
</testng-results>
