<?xml version="1.0" encoding="UTF-8"?>
<testng-results total="1" passed="1" failed="0" skipped="0">
  <reporter-output>
  </reporter-output>
  <suite started-at="2018-11-22T05:09:45Z" name="Regression" finished-at="2018-11-22T05:09:51Z" duration-ms="5262">
    <groups>
    </groups>
    <test started-at="2018-11-22T05:09:45Z" name="Android" finished-at="2018-11-22T05:09:51Z" duration-ms="5262">
      <class name="com.Appium.Khaja">
        <test-method is-config="true" signature="beforemethod()[pri:0, instance:com.Appium.Khaja@68267da0]" started-at="2018-11-22T10:39:45Z" name="beforemethod" finished-at="2018-11-22T10:39:51Z" duration-ms="5216" status="PASS">
          <reporter-output>
          </reporter-output>
        </test-method> <!-- beforemethod -->
        <test-method signature="test1()[pri:0, instance:com.Appium.Khaja@68267da0]" started-at="2018-11-22T10:39:51Z" name="test1" finished-at="2018-11-22T10:39:51Z" duration-ms="13" status="PASS">
          <reporter-output>
          </reporter-output>
        </test-method> <!-- test1 -->
      </class> <!-- com.Appium.Khaja -->
    </test> <!-- Android -->
  </suite> <!-- Regression -->
</testng-results>
