<?xml version="1.0" encoding="UTF-8"?>
<!-- Generated by org.testng.reporters.JUnitReportReporter -->
<testsuite hostname="DESKTOP-T7322OL" name="com.Appium.Tutorial6" tests="1" failures="0" timestamp="19 Sep 2019 15:35:16 GMT" time="0.001" errors="1">
  <testcase name="validateText" time="0.001" classname="com.Appium.Tutorial6">
    <error type="org.openqa.selenium.WebDriverException" message="An unknown server-side error occurred while processing the command. Original error: Error executing adbExec. Original error: &#039;Command &#039;F\:\\SDKMANAGER\\platform-tools\\adb.exe -P 5037 -s 159b3828 shell pm clear io.appium.android.apis&#039; exited with code 4294967295&#039;; Stderr: &#039;Security exception: PID 18687 does not have permission android.permission.CLEAR_APP_USER_DATA to clear data of package io.appium.android.apis

java.lang.SecurityException: PID 18687 does not have permission android.permission.CLEAR_APP_USER_DATA to clear data of package io.appium.android.apis
	at com.android.server.am.ActivityManagerService.clearApplicationUserData(ActivityManagerService.java:7669)
	at com.android.server.pm.PackageManagerShellCommand.runClear(PackageManagerShellCommand.java:1617)
	at com.android.server.pm.PackageManagerShellCommand.onCommand(PackageManagerShellCommand.java:200)
	at android.os.ShellCommand.exec(ShellCommand.java:103)
	at com.android.server.pm.PackageManagerService.onShellCommand(PackageManagerService.java:24647)
	at android.os.Binder.shellCommand(Binder.java:634)
	at android.os.Binder.onTransact(Binder.java:532)
	at android.content.pm.IPackageManager$Stub.onTransact(IPackageManager.java:3075)
	at com.android.server.pm.PackageManagerService.onTransact(PackageManagerService.java:4695)
	at android.os.Binder.execTransact(Binder.java:731)&#039;; Code: &#039;4294967295&#039; (WARNING: The server did not provide any stacktrace information)
Command duration or timeout: 9.72 seconds
Build info: version: &#039;2.53.1&#039;, revision: &#039;a36b8b1&#039;, time: &#039;2016-06-30 17:32:46&#039;
System info: host: &#039;DESKTOP-T7322OL&#039;, ip: &#039;172.24.72.1&#039;, os.name: &#039;Windows 10&#039;, os.arch: &#039;amd64&#039;, os.version: &#039;10.0&#039;, java.version: &#039;1.8.0_192&#039;
Driver info: io.appium.java_client.android.AndroidDriver">
      <![CDATA[org.openqa.selenium.WebDriverException: An unknown server-side error occurred while processing the command. Original error: Error executing adbExec. Original error: 'Command 'F\:\\SDKMANAGER\\platform-tools\\adb.exe -P 5037 -s 159b3828 shell pm clear io.appium.android.apis' exited with code 4294967295'; Stderr: 'Security exception: PID 18687 does not have permission android.permission.CLEAR_APP_USER_DATA to clear data of package io.appium.android.apis

java.lang.SecurityException: PID 18687 does not have permission android.permission.CLEAR_APP_USER_DATA to clear data of package io.appium.android.apis
	at com.android.server.am.ActivityManagerService.clearApplicationUserData(ActivityManagerService.java:7669)
	at com.android.server.pm.PackageManagerShellCommand.runClear(PackageManagerShellCommand.java:1617)
	at com.android.server.pm.PackageManagerShellCommand.onCommand(PackageManagerShellCommand.java:200)
	at android.os.ShellCommand.exec(ShellCommand.java:103)
	at com.android.server.pm.PackageManagerService.onShellCommand(PackageManagerService.java:24647)
	at android.os.Binder.shellCommand(Binder.java:634)
	at android.os.Binder.onTransact(Binder.java:532)
	at android.content.pm.IPackageManager$Stub.onTransact(IPackageManager.java:3075)
	at com.android.server.pm.PackageManagerService.onTransact(PackageManagerService.java:4695)
	at android.os.Binder.execTransact(Binder.java:731)'; Code: '4294967295' (WARNING: The server did not provide any stacktrace information)
Command duration or timeout: 9.72 seconds
Build info: version: '2.53.1', revision: 'a36b8b1', time: '2016-06-30 17:32:46'
System info: host: 'DESKTOP-T7322OL', ip: '172.24.72.1', os.name: 'Windows 10', os.arch: 'amd64', os.version: '10.0', java.version: '1.8.0_192'
Driver info: io.appium.java_client.android.AndroidDriver
	at sun.reflect.NativeConstructorAccessorImpl.newInstance0(Native Method)
	at sun.reflect.NativeConstructorAccessorImpl.newInstance(Unknown Source)
	at sun.reflect.DelegatingConstructorAccessorImpl.newInstance(Unknown Source)
	at java.lang.reflect.Constructor.newInstance(Unknown Source)
	at org.openqa.selenium.remote.ErrorHandler.createThrowable(ErrorHandler.java:206)
	at org.openqa.selenium.remote.ErrorHandler.throwIfResponseFailed(ErrorHandler.java:158)
	at org.openqa.selenium.remote.RemoteWebDriver.execute(RemoteWebDriver.java:678)
	at io.appium.java_client.DefaultGenericMobileDriver.execute(DefaultGenericMobileDriver.java:40)
	at io.appium.java_client.AppiumDriver.execute(AppiumDriver.java:1)
	at io.appium.java_client.android.AndroidDriver.execute(AndroidDriver.java:1)
	at org.openqa.selenium.remote.RemoteWebDriver.startSession(RemoteWebDriver.java:249)
	at org.openqa.selenium.remote.RemoteWebDriver.<init>(RemoteWebDriver.java:131)
	at org.openqa.selenium.remote.RemoteWebDriver.<init>(RemoteWebDriver.java:144)
	at io.appium.java_client.DefaultGenericMobileDriver.<init>(DefaultGenericMobileDriver.java:36)
	at io.appium.java_client.AppiumDriver.<init>(AppiumDriver.java:114)
	at io.appium.java_client.AppiumDriver.<init>(AppiumDriver.java:132)
	at io.appium.java_client.android.AndroidDriver.<init>(AndroidDriver.java:92)
	at com.Appium.Tutorial6.setup(Tutorial6.java:33)
	at sun.reflect.NativeMethodAccessorImpl.invoke0(Native Method)
	at sun.reflect.NativeMethodAccessorImpl.invoke(Unknown Source)
	at sun.reflect.DelegatingMethodAccessorImpl.invoke(Unknown Source)
	at java.lang.reflect.Method.invoke(Unknown Source)
	at org.testng.internal.MethodInvocationHelper.invokeMethod(MethodInvocationHelper.java:85)
	at org.testng.internal.Invoker.invokeConfigurationMethod(Invoker.java:510)
	at org.testng.internal.Invoker.invokeConfigurations(Invoker.java:211)
	at org.testng.internal.Invoker.invokeMethod(Invoker.java:585)
	at org.testng.internal.Invoker.invokeTestMethod(Invoker.java:816)
	at org.testng.internal.Invoker.invokeTestMethods(Invoker.java:1124)
	at org.testng.internal.TestMethodWorker.invokeTestMethods(TestMethodWorker.java:125)
	at org.testng.internal.TestMethodWorker.run(TestMethodWorker.java:108)
	at org.testng.TestRunner.privateRun(TestRunner.java:774)
	at org.testng.TestRunner.run(TestRunner.java:624)
	at org.testng.SuiteRunner.runTest(SuiteRunner.java:359)
	at org.testng.SuiteRunner.runSequentially(SuiteRunner.java:354)
	at org.testng.SuiteRunner.privateRun(SuiteRunner.java:312)
	at org.testng.SuiteRunner.run(SuiteRunner.java:261)
	at org.testng.SuiteRunnerWorker.runSuite(SuiteRunnerWorker.java:52)
	at org.testng.SuiteRunnerWorker.run(SuiteRunnerWorker.java:86)
	at org.testng.TestNG.runSuitesSequentially(TestNG.java:1215)
	at org.testng.TestNG.runSuitesLocally(TestNG.java:1140)
	at org.testng.TestNG.run(TestNG.java:1048)
	at org.testng.remote.AbstractRemoteTestNG.run(AbstractRemoteTestNG.java:114)
	at org.testng.remote.RemoteTestNG.initAndRun(RemoteTestNG.java:251)
	at org.testng.remote.RemoteTestNG.main(RemoteTestNG.java:77)
]]>
    </error>
  </testcase> <!-- validateText -->
</testsuite> <!-- com.Appium.Tutorial6 -->
