<?xml version="1.0" encoding="UTF-8"?>
<!-- Generated by org.testng.reporters.JUnitReportReporter -->
<testsuite hostname="DESKTOP-T7322OL" name="com.Appium.testrunner.Add_two_number" tests="2" failures="0" timestamp="1 Dec 2018 08:16:57 GMT" time="41.870" errors="0">
  <testcase name="feature" time="21.579" classname="com.Appium.testrunner.Add_two_number"/>
  <testcase name="feature" time="20.291" classname="com.Appium.testrunner.Add_two_number"/>
</testsuite> <!-- com.Appium.testrunner.Add_two_number -->
