<?xml version="1.0" encoding="UTF-8"?>
<!-- Generated by org.testng.reporters.JUnitReportReporter -->
<testsuite hostname="DESKTOP-T7322OL" name="com.Appium.testrunner.TestingClass" tests="1" failures="0" timestamp="19 Sep 2019 15:27:18 GMT" time="0.829" errors="1">
  <testcase name="testCode" time="0.829" classname="com.Appium.testrunner.TestingClass">
    <error type="java.lang.NullPointerException">
      <![CDATA[java.lang.NullPointerException
	at com.testinium.deviceinformation.device.AndroidDeviceFinder.readDeviceInfo(AndroidDeviceFinder.java:69)
	at com.testinium.deviceinformation.device.AndroidDeviceFinder.findDevices(AndroidDeviceFinder.java:26)
	at com.testinium.deviceinformation.device.AllDeviceFinder.findDevices(AllDeviceFinder.java:30)
	at com.testinium.deviceinformation.device.DeviceFinder.findDevices(DeviceFinder.java:14)
	at com.testinium.deviceinformation.DeviceInfoImpl.getDevices(DeviceInfoImpl.java:43)
	at com.testinium.deviceinformation.DeviceInfo.getFirstAndroidDevice(DeviceInfo.java:34)
	at com.Appium.testrunner.TestingClass.testCode(TestingClass.java:24)
	at sun.reflect.NativeMethodAccessorImpl.invoke0(Native Method)
	at sun.reflect.NativeMethodAccessorImpl.invoke(Unknown Source)
	at sun.reflect.DelegatingMethodAccessorImpl.invoke(Unknown Source)
	at java.lang.reflect.Method.invoke(Unknown Source)
	at org.testng.internal.MethodInvocationHelper.invokeMethod(MethodInvocationHelper.java:85)
	at org.testng.internal.Invoker.invokeMethod(Invoker.java:639)
	at org.testng.internal.Invoker.invokeTestMethod(Invoker.java:816)
	at org.testng.internal.Invoker.invokeTestMethods(Invoker.java:1124)
	at org.testng.internal.TestMethodWorker.invokeTestMethods(TestMethodWorker.java:125)
	at org.testng.internal.TestMethodWorker.run(TestMethodWorker.java:108)
	at org.testng.TestRunner.privateRun(TestRunner.java:774)
	at org.testng.TestRunner.run(TestRunner.java:624)
	at org.testng.SuiteRunner.runTest(SuiteRunner.java:359)
	at org.testng.SuiteRunner.runSequentially(SuiteRunner.java:354)
	at org.testng.SuiteRunner.privateRun(SuiteRunner.java:312)
	at org.testng.SuiteRunner.run(SuiteRunner.java:261)
	at org.testng.SuiteRunnerWorker.runSuite(SuiteRunnerWorker.java:52)
	at org.testng.SuiteRunnerWorker.run(SuiteRunnerWorker.java:86)
	at org.testng.TestNG.runSuitesSequentially(TestNG.java:1215)
	at org.testng.TestNG.runSuitesLocally(TestNG.java:1140)
	at org.testng.TestNG.run(TestNG.java:1048)
	at org.testng.remote.AbstractRemoteTestNG.run(AbstractRemoteTestNG.java:114)
	at org.testng.remote.RemoteTestNG.initAndRun(RemoteTestNG.java:251)
	at org.testng.remote.RemoteTestNG.main(RemoteTestNG.java:77)
]]>
    </error>
  </testcase> <!-- testCode -->
</testsuite> <!-- com.Appium.testrunner.TestingClass -->
